0 info it worked if it ends with ok
1 verbose cli [ '/usr/local/bin/node', '/usr/local/bin/npm', 'run', 'dev' ]
2 info using npm@3.10.10
3 info using node@v6.11.3
4 verbose run-script [ 'predev', 'dev', 'postdev' ]
5 info lifecycle groupme-bot-starter@1.0.0~predev: groupme-bot-starter@1.0.0
6 silly lifecycle groupme-bot-starter@1.0.0~predev: no script for predev, continuing
7 info lifecycle groupme-bot-starter@1.0.0~dev: groupme-bot-starter@1.0.0
8 verbose lifecycle groupme-bot-starter@1.0.0~dev: unsafe-perm in lifecycle true
9 verbose lifecycle groupme-bot-starter@1.0.0~dev: PATH: /usr/local/lib/node_modules/npm/bin/node-gyp-bin:/Users/gabrielrojas-westall/Documents/GitHub/odphi-hypebot/node_modules/.bin:/Users/gabrielrojas-westall/.rvm/gems/ruby-2.4.1/bin:/Users/gabrielrojas-westall/.rvm/gems/ruby-2.4.1@global/bin:/Users/gabrielrojas-westall/.rvm/rubies/ruby-2.4.1/bin:/Users/gabrielrojas-westall/.rbenv/shims:/Library/Frameworks/Python.framework/Versions/3.6/bin:/usr/local/bin:/usr/bin:/bin:/usr/sbin:/sbin:/opt/X11/bin:/usr/local/mongodb/bin:/Users/gabrielrojas-westall/.rvm/bin
10 verbose lifecycle groupme-bot-starter@1.0.0~dev: CWD: /Users/gabrielrojas-westall/Documents/GitHub/odphi-hypebot
11 silly lifecycle groupme-bot-starter@1.0.0~dev: Args: [ '-c', 'node app.js --dev' ]
12 silly lifecycle groupme-bot-starter@1.0.0~dev: Returned: code: 1  signal: null
13 info lifecycle groupme-bot-starter@1.0.0~dev: Failed to exec dev script
14 verbose stack Error: groupme-bot-starter@1.0.0 dev: `node app.js --dev`
14 verbose stack Exit status 1
14 verbose stack     at EventEmitter.<anonymous> (/usr/local/lib/node_modules/npm/lib/utils/lifecycle.js:255:16)
14 verbose stack     at emitTwo (events.js:106:13)
14 verbose stack     at EventEmitter.emit (events.js:191:7)
14 verbose stack     at ChildProcess.<anonymous> (/usr/local/lib/node_modules/npm/lib/utils/spawn.js:40:14)
14 verbose stack     at emitTwo (events.js:106:13)
14 verbose stack     at ChildProcess.emit (events.js:191:7)
14 verbose stack     at maybeClose (internal/child_process.js:920:16)
14 verbose stack     at Process.ChildProcess._handle.onexit (internal/child_process.js:230:5)
15 verbose pkgid groupme-bot-starter@1.0.0
16 verbose cwd /Users/gabrielrojas-westall/Documents/GitHub/odphi-hypebot
17 error Darwin 17.2.0
18 error argv "/usr/local/bin/node" "/usr/local/bin/npm" "run" "dev"
19 error node v6.11.3
20 error npm  v3.10.10
21 error code ELIFECYCLE
22 error groupme-bot-starter@1.0.0 dev: `node app.js --dev`
22 error Exit status 1
23 error Failed at the groupme-bot-starter@1.0.0 dev script 'node app.js --dev'.
23 error Make sure you have the latest version of node.js and npm installed.
23 error If you do, this is most likely a problem with the groupme-bot-starter package,
23 error not with npm itself.
23 error Tell the author that this fails on your system:
23 error     node app.js --dev
23 error You can get information on how to open an issue for this project with:
23 error     npm bugs groupme-bot-starter
23 error Or if that isn't available, you can get their info via:
23 error     npm owner ls groupme-bot-starter
23 error There is likely additional logging output above.
24 verbose exit [ 1, true ]
